[2023-11-18 00:58:41] debug Starting tunnel with `code c:\Users\robli\AppData\Local\Programs\Microsoft VS Code\bin\code-tunnel.exe --verbose --cli-data-dir C:\Users\robli\.vscode\cli tunnel service internal-run --log-to-file C:\Users\robli\.vscode\cli\tunnel-service.log`
[2023-11-18 00:58:41] debug starting as new singleton
[2023-11-18 00:58:41] trace Found token in keyring
[2023-11-18 00:58:41] debug [reqwest::connect] starting new connection: https://api.github.com/
[2023-11-18 00:58:42] debug [reqwest::connect] starting new connection: https://brs.rel.tunnels.api.visualstudio.com/
[2023-11-18 00:58:43] trace wsl not detected
[2023-11-18 00:58:43] trace Found token in keyring
[2023-11-18 00:58:43] debug Starting tunnel to server...
[2023-11-18 00:58:43] trace Found token in keyring
[2023-11-18 00:58:44] debug [tungstenite::handshake::client] Client handshake done.
[2023-11-18 00:58:44] debug [russh::ssh_read] read_ssh_id: reading
[2023-11-18 00:58:44] debug [russh::ssh_read] read 39
[2023-11-18 00:58:44] debug [russh::ssh_read] Ok("SSH-2.0-Microsoft.DevTunnels.Ssh_3.11\r\n")
[2023-11-18 00:58:44] debug [russh::client] writing 352 bytes
[2023-11-18 00:58:44] debug [russh::ssh_read] id 39 39
[2023-11-18 00:58:44] debug [russh::client::kex] extending []
[2023-11-18 00:58:44] debug [russh::client::kex] algo = Names { kex: Name("none"), key: Name("none"), cipher: Name("none"), client_mac: Name("none"), server_mac: Name("none"), server_compression: None, client_compression: None, ignore_guessed: false }
[2023-11-18 00:58:44] debug [russh::client::kex] write = []
[2023-11-18 00:58:44] debug [russh::client::kex] i0 = 342
[2023-11-18 00:58:44] debug [russh::client::kex] moving to kexdhdone, exchange = Exchange { client_id: CryptoVec { p: 0x2361d176d70, size: 20, capacity: 32 }, server_id: CryptoVec { p: 0x2361d166a50, size: 37, capacity: 64 }, client_kex_init: CryptoVec { p: 0x2361d171b50, size: 342, capacity: 512 }, server_kex_init: CryptoVec { p: 0x2361d179380, size: 94, capacity: 128 }, client_ephemeral: CryptoVec { p: 0x1, size: 0, capacity: 0 }, server_ephemeral: CryptoVec { p: 0x1, size: 0, capacity: 0 } }
[2023-11-18 00:58:44] debug [tunnels::connections::relay_tunnel_host] established host relay primary session
[2023-11-18 00:58:44] trace Found token in keyring
[2023-11-18 00:58:44] debug Connected to tunnel endpoint: TunnelRelayTunnelEndpoint { base: TunnelEndpoint { id: None, connection_mode: TunnelRelay, host_id: "a001726f-40d1-423c-9f37-5dd0aef34bad", host_public_keys: [], port_uri_format: Some("https://n2z681nm-{port}.brs.devtunnels.ms/"), tunnel_uri: Some("https://n2z681nm.brs.devtunnels.ms/"), port_ssh_command_format: Some("ssh n2z681nm-{port}@ssh.brs.devtunnels.ms"), tunnel_ssh_command: Some("ssh n2z681nm@ssh.brs.devtunnels.ms"), ssh_gateway_public_key: None }, host_relay_uri: Some("wss://brs-data.rel.tunnels.api.visualstudio.com/api/v1/Host/Connect/n2z681nm"), client_relay_uri: Some("wss://brs-data.rel.tunnels.api.visualstudio.com/api/v1/Client/Connect/n2z681nm") }
[2023-11-18 00:58:44] debug Visual Studio Code Server is listening for incoming connections
[2023-11-18 00:58:44] trace Found token in keyring
[2023-11-18 00:58:44] debug [reqwest::connect] starting new connection: https://api.github.com/
[2023-11-18 00:59:44] debug [tunnels::connections::ws] sent liveness ping
[2023-11-18 00:59:44] debug [tunnels::connections::ws] received liveness pong
[2023-11-18 01:00:21] info closing tunnel and all clients after a shutdown request
[2023-11-18 01:00:21] info Shutting down: RPC client requested shutdown
[2023-11-18 01:00:21] trace Tunnel closing gracefully
[2023-11-18 01:00:21] trace Found token in keyring
[2023-11-18 01:00:21] debug [reqwest::connect] starting new connection: https://api.github.com/
[2023-11-18 01:00:21] debug [russh::client] disconnected
[2023-11-18 01:00:21] info closing tunnel and all clients after a shutdown request
[2023-11-18 01:00:21] debug [russh::client] drop session
[2023-11-18 01:00:21] debug [tunnels::connections::relay_tunnel_host] disconnected primary session after EOF
[2023-11-18 01:00:21] debug [russh::client] drop handle
[2023-11-18 01:00:21] trace Tunnel closed with result: Ok(())
[2023-11-18 01:00:22] debug [reqwest::connect] starting new connection: https://brs.rel.tunnels.api.visualstudio.com/
[2023-11-18 01:00:23] debug Tunnel shut down
